
*** Running vivado
    with args -log AppCombi_top.vdi -applog -m64 -product Vivado -messageDb vivado.pb -mode batch -source AppCombi_top.tcl -notrace



****** Vivado v2020.2 (64-bit)
  **** SW Build 3064766 on Wed Nov 18 09:12:45 MST 2020
  **** IP Build 3064653 on Wed Nov 18 14:17:31 MST 2020
    ** Copyright 1986-2020 Xilinx, Inc. All Rights Reserved.

source AppCombi_top.tcl -notrace
Command: link_design -top AppCombi_top -part xc7z010clg400-1
Design is defaulting to srcset: sources_1
Design is defaulting to constrset: constrs_1
INFO: [Device 21-403] Loading part xc7z010clg400-1
Netlist sorting complete. Time (s): cpu = 00:00:00 ; elapsed = 00:00:00.001 . Memory (MB): peak = 1142.691 ; gain = 0.000
INFO: [Netlist 29-17] Analyzing 4 Unisim elements for replacement
INFO: [Netlist 29-28] Unisim Transformation completed in 0 CPU seconds
INFO: [Project 1-479] Netlist was created with Vivado 2020.2
INFO: [Project 1-570] Preparing netlist for logic optimization
Parsing XDC File [D:/Simon/Desktop/Repo/S4_UDeS/Lers0601-Bera1107/pb_APP_log_comb_E2022/pb_APP_log_comb.srcs/constrs_1/imports/contraintes/AppCombi_top.xdc]
WARNING: [Vivado 12-584] No ports matched 'X[0]'. [D:/Simon/Desktop/Repo/S4_UDeS/Lers0601-Bera1107/pb_APP_log_comb_E2022/pb_APP_log_comb.srcs/constrs_1/imports/contraintes/AppCombi_top.xdc:21]
CRITICAL WARNING: [Common 17-55] 'set_property' expects at least one object. [D:/Simon/Desktop/Repo/S4_UDeS/Lers0601-Bera1107/pb_APP_log_comb_E2022/pb_APP_log_comb.srcs/constrs_1/imports/contraintes/AppCombi_top.xdc:21]
Resolution: If [get_<value>] was used to populate the object, check to make sure this command returns at least one valid object.
WARNING: [Vivado 12-584] No ports matched 'X[1]'. [D:/Simon/Desktop/Repo/S4_UDeS/Lers0601-Bera1107/pb_APP_log_comb_E2022/pb_APP_log_comb.srcs/constrs_1/imports/contraintes/AppCombi_top.xdc:22]
CRITICAL WARNING: [Common 17-55] 'set_property' expects at least one object. [D:/Simon/Desktop/Repo/S4_UDeS/Lers0601-Bera1107/pb_APP_log_comb_E2022/pb_APP_log_comb.srcs/constrs_1/imports/contraintes/AppCombi_top.xdc:22]
Resolution: If [get_<value>] was used to populate the object, check to make sure this command returns at least one valid object.
WARNING: [Vivado 12-584] No ports matched 'X[2]'. [D:/Simon/Desktop/Repo/S4_UDeS/Lers0601-Bera1107/pb_APP_log_comb_E2022/pb_APP_log_comb.srcs/constrs_1/imports/contraintes/AppCombi_top.xdc:23]
CRITICAL WARNING: [Common 17-55] 'set_property' expects at least one object. [D:/Simon/Desktop/Repo/S4_UDeS/Lers0601-Bera1107/pb_APP_log_comb_E2022/pb_APP_log_comb.srcs/constrs_1/imports/contraintes/AppCombi_top.xdc:23]
Resolution: If [get_<value>] was used to populate the object, check to make sure this command returns at least one valid object.
WARNING: [Vivado 12-584] No ports matched 'X[3]'. [D:/Simon/Desktop/Repo/S4_UDeS/Lers0601-Bera1107/pb_APP_log_comb_E2022/pb_APP_log_comb.srcs/constrs_1/imports/contraintes/AppCombi_top.xdc:24]
CRITICAL WARNING: [Common 17-55] 'set_property' expects at least one object. [D:/Simon/Desktop/Repo/S4_UDeS/Lers0601-Bera1107/pb_APP_log_comb_E2022/pb_APP_log_comb.srcs/constrs_1/imports/contraintes/AppCombi_top.xdc:24]
Resolution: If [get_<value>] was used to populate the object, check to make sure this command returns at least one valid object.
WARNING: [Vivado 12-584] No ports matched 'Y[0]'. [D:/Simon/Desktop/Repo/S4_UDeS/Lers0601-Bera1107/pb_APP_log_comb_E2022/pb_APP_log_comb.srcs/constrs_1/imports/contraintes/AppCombi_top.xdc:27]
CRITICAL WARNING: [Common 17-55] 'set_property' expects at least one object. [D:/Simon/Desktop/Repo/S4_UDeS/Lers0601-Bera1107/pb_APP_log_comb_E2022/pb_APP_log_comb.srcs/constrs_1/imports/contraintes/AppCombi_top.xdc:27]
Resolution: If [get_<value>] was used to populate the object, check to make sure this command returns at least one valid object.
WARNING: [Vivado 12-584] No ports matched 'Y[1]'. [D:/Simon/Desktop/Repo/S4_UDeS/Lers0601-Bera1107/pb_APP_log_comb_E2022/pb_APP_log_comb.srcs/constrs_1/imports/contraintes/AppCombi_top.xdc:28]
CRITICAL WARNING: [Common 17-55] 'set_property' expects at least one object. [D:/Simon/Desktop/Repo/S4_UDeS/Lers0601-Bera1107/pb_APP_log_comb_E2022/pb_APP_log_comb.srcs/constrs_1/imports/contraintes/AppCombi_top.xdc:28]
Resolution: If [get_<value>] was used to populate the object, check to make sure this command returns at least one valid object.
WARNING: [Vivado 12-584] No ports matched 'Y[2]'. [D:/Simon/Desktop/Repo/S4_UDeS/Lers0601-Bera1107/pb_APP_log_comb_E2022/pb_APP_log_comb.srcs/constrs_1/imports/contraintes/AppCombi_top.xdc:29]
CRITICAL WARNING: [Common 17-55] 'set_property' expects at least one object. [D:/Simon/Desktop/Repo/S4_UDeS/Lers0601-Bera1107/pb_APP_log_comb_E2022/pb_APP_log_comb.srcs/constrs_1/imports/contraintes/AppCombi_top.xdc:29]
Resolution: If [get_<value>] was used to populate the object, check to make sure this command returns at least one valid object.
WARNING: [Vivado 12-584] No ports matched 'Y[3]'. [D:/Simon/Desktop/Repo/S4_UDeS/Lers0601-Bera1107/pb_APP_log_comb_E2022/pb_APP_log_comb.srcs/constrs_1/imports/contraintes/AppCombi_top.xdc:30]
CRITICAL WARNING: [Common 17-55] 'set_property' expects at least one object. [D:/Simon/Desktop/Repo/S4_UDeS/Lers0601-Bera1107/pb_APP_log_comb_E2022/pb_APP_log_comb.srcs/constrs_1/imports/contraintes/AppCombi_top.xdc:30]
Resolution: If [get_<value>] was used to populate the object, check to make sure this command returns at least one valid object.
WARNING: [Vivado 12-584] No ports matched 'CI'. [D:/Simon/Desktop/Repo/S4_UDeS/Lers0601-Bera1107/pb_APP_log_comb_E2022/pb_APP_log_comb.srcs/constrs_1/imports/contraintes/AppCombi_top.xdc:40]
CRITICAL WARNING: [Common 17-55] 'set_property' expects at least one object. [D:/Simon/Desktop/Repo/S4_UDeS/Lers0601-Bera1107/pb_APP_log_comb_E2022/pb_APP_log_comb.srcs/constrs_1/imports/contraintes/AppCombi_top.xdc:40]
Resolution: If [get_<value>] was used to populate the object, check to make sure this command returns at least one valid object.
WARNING: [Vivado 12-584] No ports matched 'CO'. [D:/Simon/Desktop/Repo/S4_UDeS/Lers0601-Bera1107/pb_APP_log_comb_E2022/pb_APP_log_comb.srcs/constrs_1/imports/contraintes/AppCombi_top.xdc:41]
CRITICAL WARNING: [Common 17-55] 'set_property' expects at least one object. [D:/Simon/Desktop/Repo/S4_UDeS/Lers0601-Bera1107/pb_APP_log_comb_E2022/pb_APP_log_comb.srcs/constrs_1/imports/contraintes/AppCombi_top.xdc:41]
Resolution: If [get_<value>] was used to populate the object, check to make sure this command returns at least one valid object.
WARNING: [Vivado 12-584] No ports matched 'o_DEL2'. [D:/Simon/Desktop/Repo/S4_UDeS/Lers0601-Bera1107/pb_APP_log_comb_E2022/pb_APP_log_comb.srcs/constrs_1/imports/contraintes/AppCombi_top.xdc:93]
CRITICAL WARNING: [Common 17-55] 'set_property' expects at least one object. [D:/Simon/Desktop/Repo/S4_UDeS/Lers0601-Bera1107/pb_APP_log_comb_E2022/pb_APP_log_comb.srcs/constrs_1/imports/contraintes/AppCombi_top.xdc:93]
Resolution: If [get_<value>] was used to populate the object, check to make sure this command returns at least one valid object.
WARNING: [Vivado 12-584] No ports matched 'o_DEL3'. [D:/Simon/Desktop/Repo/S4_UDeS/Lers0601-Bera1107/pb_APP_log_comb_E2022/pb_APP_log_comb.srcs/constrs_1/imports/contraintes/AppCombi_top.xdc:94]
CRITICAL WARNING: [Common 17-55] 'set_property' expects at least one object. [D:/Simon/Desktop/Repo/S4_UDeS/Lers0601-Bera1107/pb_APP_log_comb_E2022/pb_APP_log_comb.srcs/constrs_1/imports/contraintes/AppCombi_top.xdc:94]
Resolution: If [get_<value>] was used to populate the object, check to make sure this command returns at least one valid object.
WARNING: [Vivado 12-584] No ports matched 'i_S2'. [D:/Simon/Desktop/Repo/S4_UDeS/Lers0601-Bera1107/pb_APP_log_comb_E2022/pb_APP_log_comb.srcs/constrs_1/imports/contraintes/AppCombi_top.xdc:96]
CRITICAL WARNING: [Common 17-55] 'set_property' expects at least one object. [D:/Simon/Desktop/Repo/S4_UDeS/Lers0601-Bera1107/pb_APP_log_comb_E2022/pb_APP_log_comb.srcs/constrs_1/imports/contraintes/AppCombi_top.xdc:96]
Resolution: If [get_<value>] was used to populate the object, check to make sure this command returns at least one valid object.
Finished Parsing XDC File [D:/Simon/Desktop/Repo/S4_UDeS/Lers0601-Bera1107/pb_APP_log_comb_E2022/pb_APP_log_comb.srcs/constrs_1/imports/contraintes/AppCombi_top.xdc]
INFO: [Opt 31-138] Pushed 0 inverter(s) to 0 load pin(s).
Netlist sorting complete. Time (s): cpu = 00:00:00 ; elapsed = 00:00:00 . Memory (MB): peak = 1142.691 ; gain = 0.000
INFO: [Project 1-111] Unisim Transformation Summary:
No Unisim elements were transformed.

7 Infos, 13 Warnings, 13 Critical Warnings and 0 Errors encountered.
link_design completed successfully
link_design: Time (s): cpu = 00:00:06 ; elapsed = 00:00:07 . Memory (MB): peak = 1142.691 ; gain = 0.000
Command: opt_design
Attempting to get a license for feature 'Implementation' and/or device 'xc7z010'
INFO: [Common 17-349] Got license for feature 'Implementation' and/or device 'xc7z010'
Running DRC as a precondition to command opt_design

Starting DRC Task
INFO: [DRC 23-27] Running DRC with 2 threads
INFO: [Project 1-461] DRC finished with 0 Errors
INFO: [Project 1-462] Please refer to the DRC report (report_drc) for more information.

Time (s): cpu = 00:00:01 ; elapsed = 00:00:00.806 . Memory (MB): peak = 1142.691 ; gain = 0.000

Starting Cache Timing Information Task
INFO: [Timing 38-35] Done setting XDC timing constraints.
Ending Cache Timing Information Task | Checksum: 1ed0f5992

Time (s): cpu = 00:00:06 ; elapsed = 00:00:06 . Memory (MB): peak = 1571.293 ; gain = 428.602

Starting Logic Optimization Task

Phase 1 Retarget
INFO: [Opt 31-138] Pushed 0 inverter(s) to 0 load pin(s).
INFO: [Opt 31-49] Retargeted 0 cell(s).
Phase 1 Retarget | Checksum: 1ed0f5992

Time (s): cpu = 00:00:00 ; elapsed = 00:00:00.010 . Memory (MB): peak = 1782.688 ; gain = 0.000
INFO: [Opt 31-389] Phase Retarget created 0 cells and removed 0 cells

Phase 2 Constant propagation
INFO: [Opt 31-138] Pushed 0 inverter(s) to 0 load pin(s).
Phase 2 Constant propagation | Checksum: 1ed0f5992

Time (s): cpu = 00:00:00 ; elapsed = 00:00:00.011 . Memory (MB): peak = 1782.688 ; gain = 0.000
INFO: [Opt 31-389] Phase Constant propagation created 0 cells and removed 0 cells

Phase 3 Sweep
Phase 3 Sweep | Checksum: 1e82af8ca

Time (s): cpu = 00:00:00 ; elapsed = 00:00:00.013 . Memory (MB): peak = 1782.688 ; gain = 0.000
INFO: [Opt 31-389] Phase Sweep created 0 cells and removed 0 cells

Phase 4 BUFG optimization
Phase 4 BUFG optimization | Checksum: 1e82af8ca

Time (s): cpu = 00:00:00 ; elapsed = 00:00:00.016 . Memory (MB): peak = 1782.688 ; gain = 0.000
INFO: [Opt 31-662] Phase BUFG optimization created 0 cells of which 0 are BUFGs and removed 0 cells.

Phase 5 Shift Register Optimization
INFO: [Opt 31-1064] SRL Remap converted 0 SRLs to 0 registers and converted 0 registers of register chains to 0 SRLs
Phase 5 Shift Register Optimization | Checksum: 1e82af8ca

Time (s): cpu = 00:00:00 ; elapsed = 00:00:00.017 . Memory (MB): peak = 1782.688 ; gain = 0.000
INFO: [Opt 31-389] Phase Shift Register Optimization created 0 cells and removed 0 cells

Phase 6 Post Processing Netlist
Phase 6 Post Processing Netlist | Checksum: 1e82af8ca

Time (s): cpu = 00:00:00 ; elapsed = 00:00:00.018 . Memory (MB): peak = 1782.688 ; gain = 0.000
INFO: [Opt 31-389] Phase Post Processing Netlist created 0 cells and removed 0 cells
Opt_design Change Summary
=========================


-------------------------------------------------------------------------------------------------------------------------
|  Phase                        |  #Cells created  |  #Cells Removed  |  #Constrained objects preventing optimizations  |
-------------------------------------------------------------------------------------------------------------------------
|  Retarget                     |               0  |               0  |                                              0  |
|  Constant propagation         |               0  |               0  |                                              0  |
|  Sweep                        |               0  |               0  |                                              0  |
|  BUFG optimization            |               0  |               0  |                                              0  |
|  Shift Register Optimization  |               0  |               0  |                                              0  |
|  Post Processing Netlist      |               0  |               0  |                                              0  |
-------------------------------------------------------------------------------------------------------------------------



Starting Connectivity Check Task

Time (s): cpu = 00:00:00 ; elapsed = 00:00:00 . Memory (MB): peak = 1782.688 ; gain = 0.000
Ending Logic Optimization Task | Checksum: 17030a48a

Time (s): cpu = 00:00:00 ; elapsed = 00:00:00.022 . Memory (MB): peak = 1782.688 ; gain = 0.000

Starting Power Optimization Task
INFO: [Pwropt 34-132] Skipping clock gating for clocks with a period < 2.00 ns.
Ending Power Optimization Task | Checksum: 17030a48a

Time (s): cpu = 00:00:00 ; elapsed = 00:00:00.012 . Memory (MB): peak = 1782.688 ; gain = 0.000

Starting Final Cleanup Task
Ending Final Cleanup Task | Checksum: 17030a48a

Time (s): cpu = 00:00:00 ; elapsed = 00:00:00 . Memory (MB): peak = 1782.688 ; gain = 0.000

Starting Netlist Obfuscation Task
Netlist sorting complete. Time (s): cpu = 00:00:00 ; elapsed = 00:00:00.001 . Memory (MB): peak = 1782.688 ; gain = 0.000
Ending Netlist Obfuscation Task | Checksum: 17030a48a

Time (s): cpu = 00:00:00 ; elapsed = 00:00:00.001 . Memory (MB): peak = 1782.688 ; gain = 0.000
INFO: [Common 17-83] Releasing license: Implementation
24 Infos, 13 Warnings, 13 Critical Warnings and 0 Errors encountered.
opt_design completed successfully
opt_design: Time (s): cpu = 00:00:09 ; elapsed = 00:00:09 . Memory (MB): peak = 1782.688 ; gain = 639.996
INFO: [Timing 38-480] Writing timing data to binary archive.
Writing placer database...
Writing XDEF routing.
Writing XDEF routing logical nets.
Writing XDEF routing special nets.
Write XDEF Complete: Time (s): cpu = 00:00:00 ; elapsed = 00:00:00.041 . Memory (MB): peak = 1782.688 ; gain = 0.000
INFO: [Common 17-1381] The checkpoint 'D:/Simon/Desktop/Repo/S4_UDeS/Lers0601-Bera1107/pb_APP_log_comb_E2022/pb_APP_log_comb.runs/impl_1/AppCombi_top_opt.dcp' has been generated.
INFO: [runtcl-4] Executing : report_drc -file AppCombi_top_drc_opted.rpt -pb AppCombi_top_drc_opted.pb -rpx AppCombi_top_drc_opted.rpx
Command: report_drc -file AppCombi_top_drc_opted.rpt -pb AppCombi_top_drc_opted.pb -rpx AppCombi_top_drc_opted.rpx
INFO: [IP_Flow 19-234] Refreshing IP repositories
INFO: [IP_Flow 19-1704] No user IP repositories specified
INFO: [IP_Flow 19-2313] Loaded Vivado IP repository 'I:/Xilinx/Vivado/2020.2/data/ip'.
INFO: [Timing 38-35] Done setting XDC timing constraints.
INFO: [DRC 23-27] Running DRC with 2 threads
INFO: [Coretcl 2-168] The results of DRC are in file D:/Simon/Desktop/Repo/S4_UDeS/Lers0601-Bera1107/pb_APP_log_comb_E2022/pb_APP_log_comb.runs/impl_1/AppCombi_top_drc_opted.rpt.
report_drc completed successfully
Command: place_design
Attempting to get a license for feature 'Implementation' and/or device 'xc7z010'
INFO: [Common 17-349] Got license for feature 'Implementation' and/or device 'xc7z010'
INFO: [DRC 23-27] Running DRC with 2 threads
INFO: [Vivado_Tcl 4-198] DRC finished with 0 Errors
INFO: [Vivado_Tcl 4-199] Please refer to the DRC report (report_drc) for more information.
Running DRC as a precondition to command place_design
INFO: [DRC 23-27] Running DRC with 2 threads
CRITICAL WARNING: [DRC LUTLP-1] Combinatorial Loop Alert: 1 LUT cells form a combinatorial loop. This can create a race condition. Timing analysis may not be accurate. The preferred resolution is to modify the design to remove combinatorial logic loops. If the loop is known and understood, this DRC can be bypassed by acknowledging the condition and setting the following XDC constraint on any one of the nets in the loop: 'set_property ALLOW_COMBINATORIAL_LOOPS TRUE [get_nets <myHier/myNet>]'. One net in the loop is inst_aff/inst_refresh/Co1. Please evaluate your design. The cells in the loop are: inst_aff/inst_refresh/segm[6]_i_22.
INFO: [Vivado_Tcl 4-198] DRC finished with 0 Errors, 1 Critical Warnings
INFO: [Vivado_Tcl 4-199] Please refer to the DRC report (report_drc) for more information.

Starting Placer Task
INFO: [Place 30-611] Multithreading enabled for place_design using a maximum of 2 CPUs

Phase 1 Placer Initialization

Phase 1.1 Placer Initialization Netlist Sorting
Netlist sorting complete. Time (s): cpu = 00:00:00 ; elapsed = 00:00:00 . Memory (MB): peak = 1837.820 ; gain = 0.000
Phase 1.1 Placer Initialization Netlist Sorting | Checksum: 120f94380

Time (s): cpu = 00:00:00 ; elapsed = 00:00:00.008 . Memory (MB): peak = 1837.820 ; gain = 0.000
Netlist sorting complete. Time (s): cpu = 00:00:00 ; elapsed = 00:00:00 . Memory (MB): peak = 1837.820 ; gain = 0.000

Phase 1.2 IO Placement/ Clock Placement/ Build Placer Device
ERROR: [Place 30-58] IO placement is infeasible. Number of unplaced terminals (3) is greater than number of available sites (0).
The following are banks with available pins: 
 IO Group: 0 with : SioStd: LVCMOS18   VCCO = 1.8 Termination: 0  TermDir:  In   RangeId: 1  has only 0 sites available on device, but needs 3 sites.
	Term: i_btn[0]
	Term: i_btn[1]
	Term: i_sw[1]


ERROR: [Place 30-58] IO placement is infeasible. Number of unplaced terminals (3) is greater than number of available sites (0).
The following are banks with available pins: 
 IO Group: 0 with : SioStd: LVCMOS18   VCCO = 1.8 Termination: 0  TermDir:  In   RangeId: 1  has only 0 sites available on device, but needs 3 sites.
	Term: i_btn[0]
	Term: i_btn[1]
	Term: i_sw[1]


ERROR: [Place 30-374] IO placer failed to find a solution
Below is the partial placement that can be analyzed to see if any constraint modifications will make the IO placement problem easier to solve.

+-------------------------------------------------------------------------------------------------------------------------------------------------------------------------+
|                                                                     IO Placement : Bank Stats                                                                           |
+----+-------+-------+------------------------------------------------------------------------+------------------------------------------+--------+--------+--------+-----+
| Id | Pins  | Terms |                               Standards                                |                IDelayCtrls               |  VREF  |  VCCO  |   VR   | DCI |
+----+-------+-------+------------------------------------------------------------------------+------------------------------------------+--------+--------+--------+-----+
|  0 |     0 |     0 |                                                                        |                                          |        |        |        |     |
| 13 |     0 |     0 |                                                                        |                                          |        |        |        |     |
| 34 |    50 |    18 | LVCMOS33(18)                                                           |                                          |        |  +3.30 |    YES |     |
| 35 |    50 |    16 | LVCMOS33(16)                                                           |                                          |        |  +3.30 |    YES |     |
+----+-------+-------+------------------------------------------------------------------------+------------------------------------------+--------+--------+--------+-----+
|    |   100 |    34 |                                                                        |                                          |        |        |        |     |
+----+-------+-------+------------------------------------------------------------------------+------------------------------------------+--------+--------+--------+-----+

IO Placement:
+--------+----------------------+-----------------+----------------------+----------------------+----------------------+
| BankId |             Terminal | Standard        | Site                 | Pin                  | Attributes           |
+--------+----------------------+-----------------+----------------------+----------------------+----------------------+
| 34     | i_ADC_th[0]          | LVCMOS33        | IOB_X0Y40            | T14                  |                      |
|        | i_ADC_th[1]          | LVCMOS33        | IOB_X0Y39            | T15                  |                      |
|        | i_ADC_th[2]          | LVCMOS33        | IOB_X0Y38            | P14                  |                      |
|        | i_ADC_th[3]          | LVCMOS33        | IOB_X0Y37            | R14                  | *                    |
|        | i_ADC_th[4]          | LVCMOS33        | IOB_X0Y28            | U14                  |                      |
|        | i_ADC_th[5]          | LVCMOS33        | IOB_X0Y27            | U15                  |                      |
|        | i_ADC_th[6]          | LVCMOS33        | IOB_X0Y8             | V17                  |                      |
|        | i_ADC_th[7]          | LVCMOS33        | IOB_X0Y7             | V18                  |                      |
|        | i_ADC_th[8]          | LVCMOS33        | IOB_X0Y42            | V12                  |                      |
|        | i_ADC_th[9]          | LVCMOS33        | IOB_X0Y13            | W16                  |                      |
|        | o_pmodled[0]         | LVCMOS33        | IOB_X0Y30            | V15                  |                      |
|        | o_pmodled[1]         | LVCMOS33        | IOB_X0Y29            | W15                  |                      |
|        | o_pmodled[2]         | LVCMOS33        | IOB_X0Y48            | T11                  |                      |
|        | o_pmodled[3]         | LVCMOS33        | IOB_X0Y47            | T10                  |                      |
|        | o_pmodled[4]         | LVCMOS33        | IOB_X0Y34            | W14                  |                      |
|        | o_pmodled[5]         | LVCMOS33        | IOB_X0Y33            | Y14                  |                      |
|        | o_pmodled[6]         | LVCMOS33        | IOB_X0Y46            | T12                  |                      |
|        | o_pmodled[7]         | LVCMOS33        | IOB_X0Y45            | U12                  |                      |
+--------+----------------------+-----------------+----------------------+----------------------+----------------------+
| 35     | i_ADC_th[10]         | LVCMOS33        | IOB_X0Y50            | J15                  |                      |
|        | i_ADC_th[11]         | LVCMOS33        | IOB_X0Y62            | H15                  |                      |
|        | o_SSD[0]             | LVCMOS33        | IOB_X0Y58            | N15                  |                      |
|        | o_SSD[1]             | LVCMOS33        | IOB_X0Y56            | L14                  |                      |
|        | o_SSD[2]             | LVCMOS33        | IOB_X0Y52            | K16                  |                      |
|        | o_SSD[3]             | LVCMOS33        | IOB_X0Y60            | K14                  |                      |
|        | o_SSD[4]             | LVCMOS33        | IOB_X0Y57            | N16                  |                      |
|        | o_SSD[5]             | LVCMOS33        | IOB_X0Y55            | L15                  |                      |
|        | o_SSD[6]             | LVCMOS33        | IOB_X0Y51            | J16                  |                      |
|        | o_SSD[7]             | LVCMOS33        | IOB_X0Y59            | J14                  |                      |
|        | o_led6_r             | LVCMOS33        | IOB_X0Y84            | M17                  |                      |
|        | o_led[0]             | LVCMOS33        | IOB_X0Y54            | M14                  |                      |
|        | o_led[1]             | LVCMOS33        | IOB_X0Y53            | M15                  |                      |
|        | o_led[2]             | LVCMOS33        | IOB_X0Y99            | G14                  |                      |
|        | o_led[3]             | LVCMOS33        | IOB_X0Y93            | D18                  |                      |
|        | sysclk               | LVCMOS33        | IOB_X0Y76            | K17                  |                      |
+--------+----------------------+-----------------+----------------------+----------------------+----------------------+

Phase 1.2 IO Placement/ Clock Placement/ Build Placer Device | Checksum: 13147b9d9

Time (s): cpu = 00:00:00 ; elapsed = 00:00:00.122 . Memory (MB): peak = 1837.820 ; gain = 0.000
Phase 1 Placer Initialization | Checksum: 13147b9d9

Time (s): cpu = 00:00:00 ; elapsed = 00:00:00.123 . Memory (MB): peak = 1837.820 ; gain = 0.000
ERROR: [Place 30-99] Placer failed with error: 'IO Clock Placer failed'
Please review all ERROR, CRITICAL WARNING, and WARNING messages during placement to understand the cause for failure.
Ending Placer Task | Checksum: 13147b9d9

Time (s): cpu = 00:00:00 ; elapsed = 00:00:00.123 . Memory (MB): peak = 1837.820 ; gain = 0.000
INFO: [Common 17-83] Releasing license: Implementation
42 Infos, 13 Warnings, 14 Critical Warnings and 5 Errors encountered.
place_design failed
ERROR: [Common 17-69] Command failed: Placer could not place all instances
INFO: [Common 17-206] Exiting Vivado at Tue May 10 22:15:49 2022...
